[21:41:00] [main/INFO]: Setting user: Player343
[21:41:01] [Client thread/INFO]: LWJGL Version: 2.9.0
[21:41:01] [Client thread/ERROR]: Couldn't set icon
javax.imageio.IIOException: Can't read input file!
	at javax.imageio.ImageIO.read(Unknown Source) ~[?:1.7.0_51]
	at net.minecraft.client.Minecraft.readImage(Minecraft.java:641) ~[Minecraft.class:?]
	at net.minecraft.client.Minecraft.startGame(Minecraft.java:470) [Minecraft.class:?]
	at net.minecraft.client.Minecraft.run(Minecraft.java:892) [Minecraft.class:?]
	at net.minecraft.client.main.Main.main(Main.java:112) [Main.class:?]
	at sun.reflect.NativeMethodAccessorImpl.invoke0(Native Method) ~[?:1.7.0_51]
	at sun.reflect.NativeMethodAccessorImpl.invoke(Unknown Source) ~[?:1.7.0_51]
	at sun.reflect.DelegatingMethodAccessorImpl.invoke(Unknown Source) ~[?:1.7.0_51]
	at java.lang.reflect.Method.invoke(Unknown Source) ~[?:1.7.0_51]
	at net.minecraft.launchwrapper.Launch.launch(Launch.java:134) [launchwrapper-1.9.jar:?]
	at net.minecraft.launchwrapper.Launch.main(Launch.java:28) [launchwrapper-1.9.jar:?]
[21:41:04] [Client thread/INFO]: Reloading ResourceManager: Default, FMLFileResourcePack:Forge Mod Loader, FMLFileResourcePack:Minecraft Forge, FMLFileResourcePack:modTest
[21:41:04] [Sound Library Loader/INFO]: Sound engine started
[21:41:04] [Client thread/INFO]: Created: 512x256 textures/blocks-atlas
[21:41:04] [Client thread/INFO]: Created: 256x256 textures/items-atlas
[21:41:05] [Client thread/INFO]: Reloading ResourceManager: Default, FMLFileResourcePack:Forge Mod Loader, FMLFileResourcePack:Minecraft Forge, FMLFileResourcePack:modTest
[21:41:05] [Client thread/INFO]: Created: 256x256 textures/items-atlas
[21:41:05] [Client thread/INFO]: Created: 512x256 textures/blocks-atlas
[21:41:06] [Sound Library Loader/INFO]: Sound engine started
[21:41:06] [MCO Availability Checker #1/ERROR]: Couldn't connect to Realms
[21:41:06] [Client thread/WARN]: Unable to play unknown soundEvent: minecraft:gui.button.press
[21:41:10] [Client thread/WARN]: Unable to play unknown soundEvent: minecraft:gui.button.press
[21:41:11] [Client thread/WARN]: Unable to play unknown soundEvent: minecraft:gui.button.press
[21:41:11] [Client thread/INFO]: Stopping!
